Traceback (most recent call last):
  File "/opt/miniconda3/lib/python3.12/site-packages/jupyter_cache/executors/utils.py", line 58, in single_nb_execution
    executenb(
  File "/opt/miniconda3/lib/python3.12/site-packages/nbclient/client.py", line 1314, in execute
    return NotebookClient(nb=nb, resources=resources, km=km, **kwargs).execute()
           ^^^^^^^^^^^^^^^^^^^^^^^^^^^^^^^^^^^^^^^^^^^^^^^^^^^^^^^^^^^^^^^^^^^^^
  File "/opt/miniconda3/lib/python3.12/site-packages/jupyter_core/utils/__init__.py", line 165, in wrapped
    return loop.run_until_complete(inner)
           ^^^^^^^^^^^^^^^^^^^^^^^^^^^^^^
  File "/opt/miniconda3/lib/python3.12/asyncio/base_events.py", line 691, in run_until_complete
    return future.result()
           ^^^^^^^^^^^^^^^
  File "/opt/miniconda3/lib/python3.12/site-packages/nbclient/client.py", line 709, in async_execute
    await self.async_execute_cell(
  File "/opt/miniconda3/lib/python3.12/site-packages/nbclient/client.py", line 1062, in async_execute_cell
    await self._check_raise_for_error(cell, cell_index, exec_reply)
  File "/opt/miniconda3/lib/python3.12/site-packages/nbclient/client.py", line 918, in _check_raise_for_error
    raise CellExecutionError.from_cell_and_msg(cell, exec_reply_content)
nbclient.exceptions.CellExecutionError: An error occurred while executing the following cell:
------------------
# TODO: Uncomment following lines to play with the controller:

from ipywidgets import interact, FloatSlider, IntSlider
from MPCCon import simulate_system

# interact(
#     simulate_system,
#     Hp=IntSlider(min=1, max=100, step=1, value=70, description="Horizon step"),
#     Q0=FloatSlider(min=0.0, max=500.0, step=10.0, value=0.0, description="Q Tinlet"),
#     Q1=FloatSlider(min=0.0, max=2000.0, step=10.0, value=1000.0, description="Q Toutlet"),
#     R=FloatSlider(min=1e-8, max=1e-2, step=1e-6, value=1e-6, readout_format=".1e", description="R (u²)"),
#     Rd=FloatSlider(min=0.0, max=10.0, step=0.1, value=1.0, description="Rd (Δu²)"),
#     Tin_set=FloatSlider(min=20.0, max=120.0, step=1.0, value=92.0, description="Tinlet setpoint"),
#     Tout_set=FloatSlider(min=20.0, max=95.0, step=1.0, value=85.0, description="Toutlet setpoint"),
#     T_safety=FloatSlider(min=50.0, max=95.0, step=1.0, value=95.0, description="Safety limit"),
# )

------------------


[0;31m---------------------------------------------------------------------------[0m
[0;31mModuleNotFoundError[0m                       Traceback (most recent call last)
Cell [0;32mIn[4], line 4[0m
[1;32m      1[0m [38;5;66;03m# TODO: Uncomment following lines to play with the controller:[39;00m
[1;32m      3[0m [38;5;28;01mfrom[39;00m [38;5;21;01mipywidgets[39;00m [38;5;28;01mimport[39;00m interact, FloatSlider, IntSlider
[0;32m----> 4[0m [38;5;28;01mfrom[39;00m [38;5;21;01mMPCCon[39;00m [38;5;28;01mimport[39;00m simulate_system
[1;32m      6[0m [38;5;66;03m# interact([39;00m
[1;32m      7[0m [38;5;66;03m#     simulate_system,[39;00m
[1;32m      8[0m [38;5;66;03m#     Hp=IntSlider(min=1, max=100, step=1, value=70, description="Horizon step"),[39;00m
[0;32m   (...)[0m
[1;32m     15[0m [38;5;66;03m#     T_safety=FloatSlider(min=50.0, max=95.0, step=1.0, value=95.0, description="Safety limit"),[39;00m
[1;32m     16[0m [38;5;66;03m# )[39;00m

File [0;32m~/PycharmProjects/NehemisControl/mybook/MPCCon.py:3[0m
[1;32m      1[0m [38;5;66;03m# mpc_controller.py[39;00m
[1;32m      2[0m [38;5;28;01mimport[39;00m [38;5;21;01mnumpy[39;00m [38;5;28;01mas[39;00m [38;5;21;01mnp[39;00m
[0;32m----> 3[0m [38;5;28;01mimport[39;00m [38;5;21;01mcvxpy[39;00m [38;5;28;01mas[39;00m [38;5;21;01mcp[39;00m
[1;32m      4[0m [38;5;28;01mimport[39;00m [38;5;21;01mnumpy[39;00m [38;5;28;01mas[39;00m [38;5;21;01mnp[39;00m
[1;32m      5[0m [38;5;28;01mfrom[39;00m [38;5;21;01mPipeEnv[39;00m [38;5;28;01mimport[39;00m PipeHeaterSafeEnvGymnasium

[0;31mModuleNotFoundError[0m: No module named 'cvxpy'

