Traceback (most recent call last):
  File "/opt/miniconda3/lib/python3.12/site-packages/jupyter_cache/executors/utils.py", line 58, in single_nb_execution
    executenb(
  File "/opt/miniconda3/lib/python3.12/site-packages/nbclient/client.py", line 1314, in execute
    return NotebookClient(nb=nb, resources=resources, km=km, **kwargs).execute()
           ^^^^^^^^^^^^^^^^^^^^^^^^^^^^^^^^^^^^^^^^^^^^^^^^^^^^^^^^^^^^^^^^^^^^^
  File "/opt/miniconda3/lib/python3.12/site-packages/jupyter_core/utils/__init__.py", line 165, in wrapped
    return loop.run_until_complete(inner)
           ^^^^^^^^^^^^^^^^^^^^^^^^^^^^^^
  File "/opt/miniconda3/lib/python3.12/asyncio/base_events.py", line 691, in run_until_complete
    return future.result()
           ^^^^^^^^^^^^^^^
  File "/opt/miniconda3/lib/python3.12/site-packages/nbclient/client.py", line 709, in async_execute
    await self.async_execute_cell(
  File "/opt/miniconda3/lib/python3.12/site-packages/nbclient/client.py", line 1062, in async_execute_cell
    await self._check_raise_for_error(cell, cell_index, exec_reply)
  File "/opt/miniconda3/lib/python3.12/site-packages/nbclient/client.py", line 918, in _check_raise_for_error
    raise CellExecutionError.from_cell_and_msg(cell, exec_reply_content)
nbclient.exceptions.CellExecutionError: An error occurred while executing the following cell:
------------------
model.learn(total_timesteps=150_000, tb_log_name="SAC_pipeheater")  # adjust for convergence
------------------


[0;31m---------------------------------------------------------------------------[0m
[0;31mImportError[0m                               Traceback (most recent call last)
Cell [0;32mIn[2], line 1[0m
[0;32m----> 1[0m [43mmodel[49m[38;5;241;43m.[39;49m[43mlearn[49m[43m([49m[43mtotal_timesteps[49m[38;5;241;43m=[39;49m[38;5;241;43m150_000[39;49m[43m,[49m[43m [49m[43mtb_log_name[49m[38;5;241;43m=[39;49m[38;5;124;43m"[39;49m[38;5;124;43mSAC_pipeheater[39;49m[38;5;124;43m"[39;49m[43m)[49m  [38;5;66;03m# adjust for convergence[39;00m

File [0;32m/opt/miniconda3/lib/python3.12/site-packages/stable_baselines3/sac/sac.py:307[0m, in [0;36mSAC.learn[0;34m(self, total_timesteps, callback, log_interval, tb_log_name, reset_num_timesteps, progress_bar)[0m
[1;32m    298[0m [38;5;28;01mdef[39;00m [38;5;21mlearn[39m(
[1;32m    299[0m     [38;5;28mself[39m: SelfSAC,
[1;32m    300[0m     total_timesteps: [38;5;28mint[39m,
[0;32m   (...)[0m
[1;32m    305[0m     progress_bar: [38;5;28mbool[39m [38;5;241m=[39m [38;5;28;01mFalse[39;00m,
[1;32m    306[0m ) [38;5;241m-[39m[38;5;241m>[39m SelfSAC:
[0;32m--> 307[0m     [38;5;28;01mreturn[39;00m [38;5;28;43msuper[39;49m[43m([49m[43m)[49m[38;5;241;43m.[39;49m[43mlearn[49m[43m([49m
[1;32m    308[0m [43m        [49m[43mtotal_timesteps[49m[38;5;241;43m=[39;49m[43mtotal_timesteps[49m[43m,[49m
[1;32m    309[0m [43m        [49m[43mcallback[49m[38;5;241;43m=[39;49m[43mcallback[49m[43m,[49m
[1;32m    310[0m [43m        [49m[43mlog_interval[49m[38;5;241;43m=[39;49m[43mlog_interval[49m[43m,[49m
[1;32m    311[0m [43m        [49m[43mtb_log_name[49m[38;5;241;43m=[39;49m[43mtb_log_name[49m[43m,[49m
[1;32m    312[0m [43m        [49m[43mreset_num_timesteps[49m[38;5;241;43m=[39;49m[43mreset_num_timesteps[49m[43m,[49m
[1;32m    313[0m [43m        [49m[43mprogress_bar[49m[38;5;241;43m=[39;49m[43mprogress_bar[49m[43m,[49m
[1;32m    314[0m [43m    [49m[43m)[49m

File [0;32m/opt/miniconda3/lib/python3.12/site-packages/stable_baselines3/common/off_policy_algorithm.py:314[0m, in [0;36mOffPolicyAlgorithm.learn[0;34m(self, total_timesteps, callback, log_interval, tb_log_name, reset_num_timesteps, progress_bar)[0m
[1;32m    305[0m [38;5;28;01mdef[39;00m [38;5;21mlearn[39m(
[1;32m    306[0m     [38;5;28mself[39m: SelfOffPolicyAlgorithm,
[1;32m    307[0m     total_timesteps: [38;5;28mint[39m,
[0;32m   (...)[0m
[1;32m    312[0m     progress_bar: [38;5;28mbool[39m [38;5;241m=[39m [38;5;28;01mFalse[39;00m,
[1;32m    313[0m ) [38;5;241m-[39m[38;5;241m>[39m SelfOffPolicyAlgorithm:
[0;32m--> 314[0m     total_timesteps, callback [38;5;241m=[39m [38;5;28;43mself[39;49m[38;5;241;43m.[39;49m[43m_setup_learn[49m[43m([49m
[1;32m    315[0m [43m        [49m[43mtotal_timesteps[49m[43m,[49m
[1;32m    316[0m [43m        [49m[43mcallback[49m[43m,[49m
[1;32m    317[0m [43m        [49m[43mreset_num_timesteps[49m[43m,[49m
[1;32m    318[0m [43m        [49m[43mtb_log_name[49m[43m,[49m
[1;32m    319[0m [43m        [49m[43mprogress_bar[49m[43m,[49m
[1;32m    320[0m [43m    [49m[43m)[49m
[1;32m    322[0m     callback[38;5;241m.[39mon_training_start([38;5;28mlocals[39m(), [38;5;28mglobals[39m())
[1;32m    324[0m     [38;5;28;01massert[39;00m [38;5;28mself[39m[38;5;241m.[39menv [38;5;129;01mis[39;00m [38;5;129;01mnot[39;00m [38;5;28;01mNone[39;00m, [38;5;124m"[39m[38;5;124mYou must set the environment before calling learn()[39m[38;5;124m"[39m

File [0;32m/opt/miniconda3/lib/python3.12/site-packages/stable_baselines3/common/off_policy_algorithm.py:297[0m, in [0;36mOffPolicyAlgorithm._setup_learn[0;34m(self, total_timesteps, callback, reset_num_timesteps, tb_log_name, progress_bar)[0m
[1;32m    290[0m [38;5;28;01mif[39;00m (
[1;32m    291[0m     [38;5;28mself[39m[38;5;241m.[39maction_noise [38;5;129;01mis[39;00m [38;5;129;01mnot[39;00m [38;5;28;01mNone[39;00m
[1;32m    292[0m     [38;5;129;01mand[39;00m [38;5;28mself[39m[38;5;241m.[39menv[38;5;241m.[39mnum_envs [38;5;241m>[39m [38;5;241m1[39m
[1;32m    293[0m     [38;5;129;01mand[39;00m [38;5;129;01mnot[39;00m [38;5;28misinstance[39m([38;5;28mself[39m[38;5;241m.[39maction_noise, VectorizedActionNoise)
[1;32m    294[0m ):
[1;32m    295[0m     [38;5;28mself[39m[38;5;241m.[39maction_noise [38;5;241m=[39m VectorizedActionNoise([38;5;28mself[39m[38;5;241m.[39maction_noise, [38;5;28mself[39m[38;5;241m.[39menv[38;5;241m.[39mnum_envs)
[0;32m--> 297[0m [38;5;28;01mreturn[39;00m [38;5;28;43msuper[39;49m[43m([49m[43m)[49m[38;5;241;43m.[39;49m[43m_setup_learn[49m[43m([49m
[1;32m    298[0m [43m    [49m[43mtotal_timesteps[49m[43m,[49m
[1;32m    299[0m [43m    [49m[43mcallback[49m[43m,[49m
[1;32m    300[0m [43m    [49m[43mreset_num_timesteps[49m[43m,[49m
[1;32m    301[0m [43m    [49m[43mtb_log_name[49m[43m,[49m
[1;32m    302[0m [43m    [49m[43mprogress_bar[49m[43m,[49m
[1;32m    303[0m [43m[49m[43m)[49m

File [0;32m/opt/miniconda3/lib/python3.12/site-packages/stable_baselines3/common/base_class.py:432[0m, in [0;36mBaseAlgorithm._setup_learn[0;34m(self, total_timesteps, callback, reset_num_timesteps, tb_log_name, progress_bar)[0m
[1;32m    430[0m [38;5;66;03m# Configure logger's outputs if no logger was passed[39;00m
[1;32m    431[0m [38;5;28;01mif[39;00m [38;5;129;01mnot[39;00m [38;5;28mself[39m[38;5;241m.[39m_custom_logger:
[0;32m--> 432[0m     [38;5;28mself[39m[38;5;241m.[39m_logger [38;5;241m=[39m [43mutils[49m[38;5;241;43m.[39;49m[43mconfigure_logger[49m[43m([49m[38;5;28;43mself[39;49m[38;5;241;43m.[39;49m[43mverbose[49m[43m,[49m[43m [49m[38;5;28;43mself[39;49m[38;5;241;43m.[39;49m[43mtensorboard_log[49m[43m,[49m[43m [49m[43mtb_log_name[49m[43m,[49m[43m [49m[43mreset_num_timesteps[49m[43m)[49m
[1;32m    434[0m [38;5;66;03m# Create eval callback if needed[39;00m
[1;32m    435[0m callback [38;5;241m=[39m [38;5;28mself[39m[38;5;241m.[39m_init_callback(callback, progress_bar)

File [0;32m/opt/miniconda3/lib/python3.12/site-packages/stable_baselines3/common/utils.py:202[0m, in [0;36mconfigure_logger[0;34m(verbose, tensorboard_log, tb_log_name, reset_num_timesteps)[0m
[1;32m    199[0m save_path, format_strings [38;5;241m=[39m [38;5;28;01mNone[39;00m, [[38;5;124m"[39m[38;5;124mstdout[39m[38;5;124m"[39m]
[1;32m    201[0m [38;5;28;01mif[39;00m tensorboard_log [38;5;129;01mis[39;00m [38;5;129;01mnot[39;00m [38;5;28;01mNone[39;00m [38;5;129;01mand[39;00m SummaryWriter [38;5;129;01mis[39;00m [38;5;28;01mNone[39;00m:
[0;32m--> 202[0m     [38;5;28;01mraise[39;00m [38;5;167;01mImportError[39;00m([38;5;124m"[39m[38;5;124mTrying to log data to tensorboard but tensorboard is not installed.[39m[38;5;124m"[39m)
[1;32m    204[0m [38;5;28;01mif[39;00m tensorboard_log [38;5;129;01mis[39;00m [38;5;129;01mnot[39;00m [38;5;28;01mNone[39;00m [38;5;129;01mand[39;00m SummaryWriter [38;5;129;01mis[39;00m [38;5;129;01mnot[39;00m [38;5;28;01mNone[39;00m:
[1;32m    205[0m     latest_run_id [38;5;241m=[39m get_latest_run_id(tensorboard_log, tb_log_name)

[0;31mImportError[0m: Trying to log data to tensorboard but tensorboard is not installed.

