Traceback (most recent call last):
  File "/Users/Etienne/PycharmProjects/localBook/.venv/lib/python3.11/site-packages/jupyter_core/utils/__init__.py", line 154, in wrapped
    asyncio.get_running_loop()
RuntimeError: no running event loop

During handling of the above exception, another exception occurred:

Traceback (most recent call last):
  File "/Users/Etienne/PycharmProjects/localBook/.venv/lib/python3.11/site-packages/jupyter_cache/executors/utils.py", line 58, in single_nb_execution
    executenb(
  File "/Users/Etienne/PycharmProjects/localBook/.venv/lib/python3.11/site-packages/nbclient/client.py", line 1319, in execute
    return NotebookClient(nb=nb, resources=resources, km=km, **kwargs).execute()
           ^^^^^^^^^^^^^^^^^^^^^^^^^^^^^^^^^^^^^^^^^^^^^^^^^^^^^^^^^^^^^^^^^^^^^
  File "/Users/Etienne/PycharmProjects/localBook/.venv/lib/python3.11/site-packages/jupyter_core/utils/__init__.py", line 158, in wrapped
    return loop.run_until_complete(inner)
           ^^^^^^^^^^^^^^^^^^^^^^^^^^^^^^
  File "/Library/Frameworks/Python.framework/Versions/3.11/lib/python3.11/asyncio/base_events.py", line 654, in run_until_complete
    return future.result()
           ^^^^^^^^^^^^^^^
  File "/Users/Etienne/PycharmProjects/localBook/.venv/lib/python3.11/site-packages/nbclient/client.py", line 709, in async_execute
    await self.async_execute_cell(
  File "/Users/Etienne/PycharmProjects/localBook/.venv/lib/python3.11/site-packages/nbclient/client.py", line 1062, in async_execute_cell
    await self._check_raise_for_error(cell, cell_index, exec_reply)
  File "/Users/Etienne/PycharmProjects/localBook/.venv/lib/python3.11/site-packages/nbclient/client.py", line 918, in _check_raise_for_error
    raise CellExecutionError.from_cell_and_msg(cell, exec_reply_content)
nbclient.exceptions.CellExecutionError: An error occurred while executing the following cell:
------------------
import gymnasium as gym
from gymnasium.envs.registration import register
from 

register(
    id="FishingBoatEnv-v1", entry_point="FishingEnv.fishing_boat_env:FishingBoatEnv"
)

# Initialize your environment
env = gym.make("FishingBoatEnv-v1")

# Test the environment
obs = env.reset()
done = False

while not done:
    # action = env.action_space.sample()  # Random action
    action = env.action_from_keyboard()
    observation, reward, terminated, truncated, info = env.step(action)
    # obs, reward, done, info = env.step(action)
    done = terminated or truncated
    env.render()  # Visualize the state
    print(f"Action: {action}, Reward: {reward}")

------------------


  [36mCell[39m[36m [39m[32mIn[1][39m[32m, line 3[39m
[31m    [39m[31mfrom[39m
         ^
[31mSyntaxError[39m[31m:[39m invalid syntax


